<?xml version="1.0" encoding="UTF-8"?>
<!-- Generated by org.testng.reporters.JUnitXMLReporter -->
<testsuite ignored="0" hostname="DESKTOP-HV3P354" failures="1" tests="1" name="Test" time="20.522" errors="0" timestamp="2025-05-25T01:13:57 IST">
  <testcase classname="GeneralStore.AppiumFrameworkDesign.ErrorValidations" name="errorLoginValidation" time="3.355">
    <failure type="java.lang.AssertionError" message="expected [true] but found [false]">
      <![CDATA[java.lang.AssertionError: expected [true] but found [false]
at GeneralStore.AppiumFrameworkDesign.ErrorValidations.errorLoginValidation(ErrorValidations.java:11)
at java.base/java.util.ArrayList.forEach(ArrayList.java:1511)
... Removed 31 stack frames]]>
    </failure>
  </testcase> <!-- errorLoginValidation -->
</testsuite> <!-- Test -->
